C:\USERS\ADMINISTRATOR\DOCUMENTS\VISUAL STUDIO 2012\PROJECTS\RGBTOYUV\RGBTOYUV\DEBUG\RGBTOYUV.OBJ
C:\USERS\ADMINISTRATOR\DOCUMENTS\VISUAL STUDIO 2012\PROJECTS\RGBTOYUV\RGBTOYUV\DEBUG\VC110.PDB
C:\USERS\ADMINISTRATOR\DOCUMENTS\VISUAL STUDIO 2012\PROJECTS\RGBTOYUV\DEBUG\RGBTOYUV.ILK
C:\USERS\ADMINISTRATOR\DOCUMENTS\VISUAL STUDIO 2012\PROJECTS\RGBTOYUV\DEBUG\RGBTOYUV.EXE
C:\USERS\ADMINISTRATOR\DOCUMENTS\VISUAL STUDIO 2012\PROJECTS\RGBTOYUV\DEBUG\RGBTOYUV.PDB
C:\Users\Administrator\Documents\Visual Studio 2012\Projects\rgbtoyuv\rgbtoyuv\Debug\rgbtoyuv.obj
C:\Users\Administrator\Documents\Visual Studio 2012\Projects\rgbtoyuv\rgbtoyuv\Debug\cl.command.1.tlog
C:\Users\Administrator\Documents\Visual Studio 2012\Projects\rgbtoyuv\rgbtoyuv\Debug\CL.read.1.tlog
C:\Users\Administrator\Documents\Visual Studio 2012\Projects\rgbtoyuv\rgbtoyuv\Debug\CL.write.1.tlog
C:\Users\Administrator\Documents\Visual Studio 2012\Projects\rgbtoyuv\rgbtoyuv\Debug\link-cvtres.read.1.tlog
C:\Users\Administrator\Documents\Visual Studio 2012\Projects\rgbtoyuv\rgbtoyuv\Debug\link-cvtres.write.1.tlog
C:\Users\Administrator\Documents\Visual Studio 2012\Projects\rgbtoyuv\rgbtoyuv\Debug\link-rc.read.1.tlog
C:\Users\Administrator\Documents\Visual Studio 2012\Projects\rgbtoyuv\rgbtoyuv\Debug\link-rc.write.1.tlog
C:\Users\Administrator\Documents\Visual Studio 2012\Projects\rgbtoyuv\rgbtoyuv\Debug\link.8976-cvtres.read.1.tlog
C:\Users\Administrator\Documents\Visual Studio 2012\Projects\rgbtoyuv\rgbtoyuv\Debug\link.8976-cvtres.write.1.tlog
C:\Users\Administrator\Documents\Visual Studio 2012\Projects\rgbtoyuv\rgbtoyuv\Debug\link.8976-rc.read.1.tlog
C:\Users\Administrator\Documents\Visual Studio 2012\Projects\rgbtoyuv\rgbtoyuv\Debug\link.8976-rc.write.1.tlog
C:\Users\Administrator\Documents\Visual Studio 2012\Projects\rgbtoyuv\rgbtoyuv\Debug\link.8976.read.1.tlog
C:\Users\Administrator\Documents\Visual Studio 2012\Projects\rgbtoyuv\rgbtoyuv\Debug\link.8976.write.1.tlog
C:\Users\Administrator\Documents\Visual Studio 2012\Projects\rgbtoyuv\rgbtoyuv\Debug\link.command.1.tlog
C:\Users\Administrator\Documents\Visual Studio 2012\Projects\rgbtoyuv\rgbtoyuv\Debug\link.read.1.tlog
C:\Users\Administrator\Documents\Visual Studio 2012\Projects\rgbtoyuv\rgbtoyuv\Debug\link.write.1.tlog
C:\Users\Administrator\Documents\Visual Studio 2012\Projects\rgbtoyuv\rgbtoyuv\Debug\vc110.idb
C:\Users\Administrator\Documents\Visual Studio 2012\Projects\rgbtoyuv\rgbtoyuv\Debug\vc110.pdb
C:\Users\Administrator\Documents\Visual Studio 2012\Projects\rgbtoyuv\Debug\rgbtoyuv.pdb
C:\Users\Administrator\Documents\Visual Studio 2012\Projects\rgbtoyuv\Debug\rgbtoyuv.exe
C:\Users\Administrator\Documents\Visual Studio 2012\Projects\rgbtoyuv\Debug\rgbtoyuv.ilk
